<?xml version="1.0" encoding="UTF-8"?>
<testsuite xmlns:xsi="http://www.w3.org/2001/XMLSchema-instance" xsi:schemaLocation="https://maven.apache.org/surefire/maven-surefire-plugin/xsd/surefire-test-report.xsd" name="config.jbehaverun" time="12.399" tests="7" errors="0" skipped="0" failures="0">
  <properties>
[...]
</properties>
  <testcase name="BeforeStories" classname="java.lang.Object" time="0.047"/>
  <testcase name="Given a precondition [uri]" classname="config.Stepdef" time="3.644"/>
  <testcase name="When a negative event occurs" classname="config.Stepdef" time="0.347"/>
  <testcase name="Then a the outcome should be captured [date]" classname="config.Stepdef" time="0"/>
  <testcase name="Scenario: Another scenario exploring different combination of events" classname="Scenario: Another scenario exploring different combination of events" time="0"/>
  <testcase name="Sample.story" classname="Sample.story" time="0.04"/>
  <testcase name="AfterStories" classname="java.lang.Object" time="0.022"/>
</testsuite>